[2025-02-03T19:20:18.757+0000] {processor.py:186} INFO - Started process (PID=2296) to work on /opt/airflow/dags/firstdag.py
[2025-02-03T19:20:18.760+0000] {processor.py:914} INFO - Processing file /opt/airflow/dags/firstdag.py for tasks to queue
[2025-02-03T19:20:18.773+0000] {logging_mixin.py:190} INFO - [2025-02-03T19:20:18.763+0000] {dagbag.py:588} INFO - Filling up the DagBag from /opt/airflow/dags/firstdag.py
[2025-02-03T19:20:19.222+0000] {processor.py:927} WARNING - No viable dags retrieved from /opt/airflow/dags/firstdag.py
[2025-02-03T19:20:19.314+0000] {processor.py:208} INFO - Processing /opt/airflow/dags/firstdag.py took 0.614 seconds
[2025-02-03T19:20:54.974+0000] {processor.py:186} INFO - Started process (PID=2343) to work on /opt/airflow/dags/firstdag.py
[2025-02-03T19:20:55.002+0000] {processor.py:914} INFO - Processing file /opt/airflow/dags/firstdag.py for tasks to queue
[2025-02-03T19:20:55.041+0000] {logging_mixin.py:190} INFO - [2025-02-03T19:20:55.039+0000] {dagbag.py:588} INFO - Filling up the DagBag from /opt/airflow/dags/firstdag.py
[2025-02-03T19:20:55.879+0000] {logging_mixin.py:190} INFO - [2025-02-03T19:20:55.841+0000] {dagbag.py:387} ERROR - Failed to import: /opt/airflow/dags/firstdag.py
Traceback (most recent call last):
  File "/home/airflow/.local/lib/python3.12/site-packages/airflow/models/dagbag.py", line 383, in parse
    loader.exec_module(new_module)
  File "<frozen importlib._bootstrap_external>", line 999, in exec_module
  File "<frozen importlib._bootstrap>", line 488, in _call_with_frames_removed
  File "/opt/airflow/dags/firstdag.py", line 3, in <module>
    with DAG() as dag:
         ^^^^^
TypeError: DAG.__init__() missing 1 required positional argument: 'dag_id'
[2025-02-03T19:20:55.890+0000] {processor.py:927} WARNING - No viable dags retrieved from /opt/airflow/dags/firstdag.py
[2025-02-03T19:20:56.069+0000] {processor.py:208} INFO - Processing /opt/airflow/dags/firstdag.py took 1.144 seconds
[2025-02-03T19:21:26.359+0000] {processor.py:186} INFO - Started process (PID=2407) to work on /opt/airflow/dags/firstdag.py
[2025-02-03T19:21:26.364+0000] {processor.py:914} INFO - Processing file /opt/airflow/dags/firstdag.py for tasks to queue
[2025-02-03T19:21:26.367+0000] {logging_mixin.py:190} INFO - [2025-02-03T19:21:26.367+0000] {dagbag.py:588} INFO - Filling up the DagBag from /opt/airflow/dags/firstdag.py
[2025-02-03T19:21:26.395+0000] {logging_mixin.py:190} INFO - [2025-02-03T19:21:26.389+0000] {dagbag.py:387} ERROR - Failed to import: /opt/airflow/dags/firstdag.py
Traceback (most recent call last):
  File "/home/airflow/.local/lib/python3.12/site-packages/airflow/models/dagbag.py", line 383, in parse
    loader.exec_module(new_module)
  File "<frozen importlib._bootstrap_external>", line 999, in exec_module
  File "<frozen importlib._bootstrap>", line 488, in _call_with_frames_removed
  File "/opt/airflow/dags/firstdag.py", line 3, in <module>
    with DAG() as dag:
         ^^^^^
TypeError: DAG.__init__() missing 1 required positional argument: 'dag_id'
[2025-02-03T19:21:26.397+0000] {processor.py:927} WARNING - No viable dags retrieved from /opt/airflow/dags/firstdag.py
[2025-02-03T19:21:26.437+0000] {processor.py:208} INFO - Processing /opt/airflow/dags/firstdag.py took 0.096 seconds
[2025-02-03T19:21:57.304+0000] {processor.py:186} INFO - Started process (PID=2466) to work on /opt/airflow/dags/firstdag.py
[2025-02-03T19:21:57.318+0000] {processor.py:914} INFO - Processing file /opt/airflow/dags/firstdag.py for tasks to queue
[2025-02-03T19:21:57.331+0000] {logging_mixin.py:190} INFO - [2025-02-03T19:21:57.328+0000] {dagbag.py:588} INFO - Filling up the DagBag from /opt/airflow/dags/firstdag.py
[2025-02-03T19:21:57.383+0000] {logging_mixin.py:190} INFO - [2025-02-03T19:21:57.366+0000] {dagbag.py:387} ERROR - Failed to import: /opt/airflow/dags/firstdag.py
Traceback (most recent call last):
  File "/home/airflow/.local/lib/python3.12/site-packages/airflow/models/dagbag.py", line 383, in parse
    loader.exec_module(new_module)
  File "<frozen importlib._bootstrap_external>", line 999, in exec_module
  File "<frozen importlib._bootstrap>", line 488, in _call_with_frames_removed
  File "/opt/airflow/dags/firstdag.py", line 3, in <module>
    with DAG() as dag:
         ^^^^^
TypeError: DAG.__init__() missing 1 required positional argument: 'dag_id'
[2025-02-03T19:21:57.387+0000] {processor.py:927} WARNING - No viable dags retrieved from /opt/airflow/dags/firstdag.py
[2025-02-03T19:21:57.541+0000] {processor.py:208} INFO - Processing /opt/airflow/dags/firstdag.py took 0.297 seconds
[2025-02-03T19:22:27.782+0000] {processor.py:186} INFO - Started process (PID=2529) to work on /opt/airflow/dags/firstdag.py
[2025-02-03T19:22:27.785+0000] {processor.py:914} INFO - Processing file /opt/airflow/dags/firstdag.py for tasks to queue
[2025-02-03T19:22:27.789+0000] {logging_mixin.py:190} INFO - [2025-02-03T19:22:27.788+0000] {dagbag.py:588} INFO - Filling up the DagBag from /opt/airflow/dags/firstdag.py
[2025-02-03T19:22:27.837+0000] {logging_mixin.py:190} INFO - [2025-02-03T19:22:27.829+0000] {dagbag.py:387} ERROR - Failed to import: /opt/airflow/dags/firstdag.py
Traceback (most recent call last):
  File "/home/airflow/.local/lib/python3.12/site-packages/airflow/models/dagbag.py", line 383, in parse
    loader.exec_module(new_module)
  File "<frozen importlib._bootstrap_external>", line 999, in exec_module
  File "<frozen importlib._bootstrap>", line 488, in _call_with_frames_removed
  File "/opt/airflow/dags/firstdag.py", line 3, in <module>
    with DAG() as dag:
         ^^^^^
TypeError: DAG.__init__() missing 1 required positional argument: 'dag_id'
[2025-02-03T19:22:27.840+0000] {processor.py:927} WARNING - No viable dags retrieved from /opt/airflow/dags/firstdag.py
[2025-02-03T19:22:27.909+0000] {processor.py:208} INFO - Processing /opt/airflow/dags/firstdag.py took 0.150 seconds
[2025-02-03T19:22:58.091+0000] {processor.py:186} INFO - Started process (PID=2591) to work on /opt/airflow/dags/firstdag.py
[2025-02-03T19:22:58.093+0000] {processor.py:914} INFO - Processing file /opt/airflow/dags/firstdag.py for tasks to queue
[2025-02-03T19:22:58.095+0000] {logging_mixin.py:190} INFO - [2025-02-03T19:22:58.095+0000] {dagbag.py:588} INFO - Filling up the DagBag from /opt/airflow/dags/firstdag.py
[2025-02-03T19:22:58.117+0000] {logging_mixin.py:190} INFO - [2025-02-03T19:22:58.111+0000] {dagbag.py:387} ERROR - Failed to import: /opt/airflow/dags/firstdag.py
Traceback (most recent call last):
  File "/home/airflow/.local/lib/python3.12/site-packages/airflow/models/dagbag.py", line 383, in parse
    loader.exec_module(new_module)
  File "<frozen importlib._bootstrap_external>", line 999, in exec_module
  File "<frozen importlib._bootstrap>", line 488, in _call_with_frames_removed
  File "/opt/airflow/dags/firstdag.py", line 3, in <module>
    with DAG() as dag:
         ^^^^^
TypeError: DAG.__init__() missing 1 required positional argument: 'dag_id'
[2025-02-03T19:22:58.118+0000] {processor.py:927} WARNING - No viable dags retrieved from /opt/airflow/dags/firstdag.py
[2025-02-03T19:22:58.158+0000] {processor.py:208} INFO - Processing /opt/airflow/dags/firstdag.py took 0.080 seconds
[2025-02-03T19:23:28.531+0000] {processor.py:186} INFO - Started process (PID=2641) to work on /opt/airflow/dags/firstdag.py
[2025-02-03T19:23:28.538+0000] {processor.py:914} INFO - Processing file /opt/airflow/dags/firstdag.py for tasks to queue
[2025-02-03T19:23:28.542+0000] {logging_mixin.py:190} INFO - [2025-02-03T19:23:28.541+0000] {dagbag.py:588} INFO - Filling up the DagBag from /opt/airflow/dags/firstdag.py
[2025-02-03T19:23:28.578+0000] {logging_mixin.py:190} INFO - [2025-02-03T19:23:28.564+0000] {dagbag.py:387} ERROR - Failed to import: /opt/airflow/dags/firstdag.py
Traceback (most recent call last):
  File "/home/airflow/.local/lib/python3.12/site-packages/airflow/models/dagbag.py", line 383, in parse
    loader.exec_module(new_module)
  File "<frozen importlib._bootstrap_external>", line 999, in exec_module
  File "<frozen importlib._bootstrap>", line 488, in _call_with_frames_removed
  File "/opt/airflow/dags/firstdag.py", line 3, in <module>
    with DAG() as dag:
         ^^^^^
TypeError: DAG.__init__() missing 1 required positional argument: 'dag_id'
[2025-02-03T19:23:28.582+0000] {processor.py:927} WARNING - No viable dags retrieved from /opt/airflow/dags/firstdag.py
[2025-02-03T19:23:28.652+0000] {processor.py:208} INFO - Processing /opt/airflow/dags/firstdag.py took 0.148 seconds
[2025-02-03T19:23:58.863+0000] {processor.py:186} INFO - Started process (PID=2703) to work on /opt/airflow/dags/firstdag.py
[2025-02-03T19:23:58.865+0000] {processor.py:914} INFO - Processing file /opt/airflow/dags/firstdag.py for tasks to queue
[2025-02-03T19:23:58.870+0000] {logging_mixin.py:190} INFO - [2025-02-03T19:23:58.869+0000] {dagbag.py:588} INFO - Filling up the DagBag from /opt/airflow/dags/firstdag.py
[2025-02-03T19:23:58.898+0000] {logging_mixin.py:190} INFO - [2025-02-03T19:23:58.888+0000] {dagbag.py:387} ERROR - Failed to import: /opt/airflow/dags/firstdag.py
Traceback (most recent call last):
  File "/home/airflow/.local/lib/python3.12/site-packages/airflow/models/dagbag.py", line 383, in parse
    loader.exec_module(new_module)
  File "<frozen importlib._bootstrap_external>", line 999, in exec_module
  File "<frozen importlib._bootstrap>", line 488, in _call_with_frames_removed
  File "/opt/airflow/dags/firstdag.py", line 3, in <module>
    with DAG() as dag:
         ^^^^^
TypeError: DAG.__init__() missing 1 required positional argument: 'dag_id'
[2025-02-03T19:23:58.901+0000] {processor.py:927} WARNING - No viable dags retrieved from /opt/airflow/dags/firstdag.py
[2025-02-03T19:23:58.956+0000] {processor.py:208} INFO - Processing /opt/airflow/dags/firstdag.py took 0.123 seconds
[2025-02-03T19:24:29.533+0000] {processor.py:186} INFO - Started process (PID=2766) to work on /opt/airflow/dags/firstdag.py
[2025-02-03T19:24:29.537+0000] {processor.py:914} INFO - Processing file /opt/airflow/dags/firstdag.py for tasks to queue
[2025-02-03T19:24:29.541+0000] {logging_mixin.py:190} INFO - [2025-02-03T19:24:29.540+0000] {dagbag.py:588} INFO - Filling up the DagBag from /opt/airflow/dags/firstdag.py
[2025-02-03T19:24:29.595+0000] {logging_mixin.py:190} INFO - [2025-02-03T19:24:29.581+0000] {dagbag.py:387} ERROR - Failed to import: /opt/airflow/dags/firstdag.py
Traceback (most recent call last):
  File "/home/airflow/.local/lib/python3.12/site-packages/airflow/models/dagbag.py", line 383, in parse
    loader.exec_module(new_module)
  File "<frozen importlib._bootstrap_external>", line 999, in exec_module
  File "<frozen importlib._bootstrap>", line 488, in _call_with_frames_removed
  File "/opt/airflow/dags/firstdag.py", line 3, in <module>
    with DAG() as dag:
         ^^^^^
TypeError: DAG.__init__() missing 1 required positional argument: 'dag_id'
[2025-02-03T19:24:29.600+0000] {processor.py:927} WARNING - No viable dags retrieved from /opt/airflow/dags/firstdag.py
[2025-02-03T19:24:29.671+0000] {processor.py:208} INFO - Processing /opt/airflow/dags/firstdag.py took 0.160 seconds
[2025-02-03T19:25:00.178+0000] {processor.py:186} INFO - Started process (PID=2829) to work on /opt/airflow/dags/firstdag.py
[2025-02-03T19:25:00.182+0000] {processor.py:914} INFO - Processing file /opt/airflow/dags/firstdag.py for tasks to queue
[2025-02-03T19:25:00.186+0000] {logging_mixin.py:190} INFO - [2025-02-03T19:25:00.185+0000] {dagbag.py:588} INFO - Filling up the DagBag from /opt/airflow/dags/firstdag.py
[2025-02-03T19:25:00.219+0000] {logging_mixin.py:190} INFO - [2025-02-03T19:25:00.212+0000] {dagbag.py:387} ERROR - Failed to import: /opt/airflow/dags/firstdag.py
Traceback (most recent call last):
  File "/home/airflow/.local/lib/python3.12/site-packages/airflow/models/dagbag.py", line 383, in parse
    loader.exec_module(new_module)
  File "<frozen importlib._bootstrap_external>", line 999, in exec_module
  File "<frozen importlib._bootstrap>", line 488, in _call_with_frames_removed
  File "/opt/airflow/dags/firstdag.py", line 3, in <module>
    with DAG() as dag:
         ^^^^^
TypeError: DAG.__init__() missing 1 required positional argument: 'dag_id'
[2025-02-03T19:25:00.221+0000] {processor.py:927} WARNING - No viable dags retrieved from /opt/airflow/dags/firstdag.py
[2025-02-03T19:25:00.278+0000] {processor.py:208} INFO - Processing /opt/airflow/dags/firstdag.py took 0.118 seconds
[2025-02-03T19:25:31.142+0000] {processor.py:186} INFO - Started process (PID=2892) to work on /opt/airflow/dags/firstdag.py
[2025-02-03T19:25:31.144+0000] {processor.py:914} INFO - Processing file /opt/airflow/dags/firstdag.py for tasks to queue
[2025-02-03T19:25:31.148+0000] {logging_mixin.py:190} INFO - [2025-02-03T19:25:31.147+0000] {dagbag.py:588} INFO - Filling up the DagBag from /opt/airflow/dags/firstdag.py
[2025-02-03T19:25:31.182+0000] {logging_mixin.py:190} INFO - [2025-02-03T19:25:31.175+0000] {dagbag.py:387} ERROR - Failed to import: /opt/airflow/dags/firstdag.py
Traceback (most recent call last):
  File "/home/airflow/.local/lib/python3.12/site-packages/airflow/models/dagbag.py", line 383, in parse
    loader.exec_module(new_module)
  File "<frozen importlib._bootstrap_external>", line 999, in exec_module
  File "<frozen importlib._bootstrap>", line 488, in _call_with_frames_removed
  File "/opt/airflow/dags/firstdag.py", line 3, in <module>
    with DAG() as dag:
         ^^^^^
TypeError: DAG.__init__() missing 1 required positional argument: 'dag_id'
[2025-02-03T19:25:31.184+0000] {processor.py:927} WARNING - No viable dags retrieved from /opt/airflow/dags/firstdag.py
[2025-02-03T19:25:31.246+0000] {processor.py:208} INFO - Processing /opt/airflow/dags/firstdag.py took 0.122 seconds
[2025-02-03T19:26:03.968+0000] {processor.py:186} INFO - Started process (PID=2953) to work on /opt/airflow/dags/firstdag.py
[2025-02-03T19:26:03.971+0000] {processor.py:914} INFO - Processing file /opt/airflow/dags/firstdag.py for tasks to queue
[2025-02-03T19:26:03.977+0000] {logging_mixin.py:190} INFO - [2025-02-03T19:26:03.975+0000] {dagbag.py:588} INFO - Filling up the DagBag from /opt/airflow/dags/firstdag.py
[2025-02-03T19:26:04.044+0000] {logging_mixin.py:190} INFO - [2025-02-03T19:26:04.030+0000] {dagbag.py:387} ERROR - Failed to import: /opt/airflow/dags/firstdag.py
Traceback (most recent call last):
  File "/home/airflow/.local/lib/python3.12/site-packages/airflow/models/dagbag.py", line 383, in parse
    loader.exec_module(new_module)
  File "<frozen importlib._bootstrap_external>", line 999, in exec_module
  File "<frozen importlib._bootstrap>", line 488, in _call_with_frames_removed
  File "/opt/airflow/dags/firstdag.py", line 3, in <module>
    with DAG() as dag:
         ^^^^^
TypeError: DAG.__init__() missing 1 required positional argument: 'dag_id'
[2025-02-03T19:26:04.047+0000] {processor.py:927} WARNING - No viable dags retrieved from /opt/airflow/dags/firstdag.py
[2025-02-03T19:26:04.194+0000] {processor.py:208} INFO - Processing /opt/airflow/dags/firstdag.py took 0.277 seconds
[2025-02-03T19:26:34.552+0000] {processor.py:186} INFO - Started process (PID=3016) to work on /opt/airflow/dags/firstdag.py
[2025-02-03T19:26:34.555+0000] {processor.py:914} INFO - Processing file /opt/airflow/dags/firstdag.py for tasks to queue
[2025-02-03T19:26:34.559+0000] {logging_mixin.py:190} INFO - [2025-02-03T19:26:34.558+0000] {dagbag.py:588} INFO - Filling up the DagBag from /opt/airflow/dags/firstdag.py
[2025-02-03T19:26:34.618+0000] {logging_mixin.py:190} INFO - [2025-02-03T19:26:34.605+0000] {dagbag.py:387} ERROR - Failed to import: /opt/airflow/dags/firstdag.py
Traceback (most recent call last):
  File "/home/airflow/.local/lib/python3.12/site-packages/airflow/models/dagbag.py", line 383, in parse
    loader.exec_module(new_module)
  File "<frozen importlib._bootstrap_external>", line 999, in exec_module
  File "<frozen importlib._bootstrap>", line 488, in _call_with_frames_removed
  File "/opt/airflow/dags/firstdag.py", line 3, in <module>
    with DAG() as dag:
         ^^^^^
TypeError: DAG.__init__() missing 1 required positional argument: 'dag_id'
[2025-02-03T19:26:34.628+0000] {processor.py:927} WARNING - No viable dags retrieved from /opt/airflow/dags/firstdag.py
[2025-02-03T19:26:34.697+0000] {processor.py:208} INFO - Processing /opt/airflow/dags/firstdag.py took 0.162 seconds
[2025-02-03T19:27:06.460+0000] {processor.py:186} INFO - Started process (PID=3080) to work on /opt/airflow/dags/firstdag.py
[2025-02-03T19:27:06.462+0000] {processor.py:914} INFO - Processing file /opt/airflow/dags/firstdag.py for tasks to queue
[2025-02-03T19:27:06.466+0000] {logging_mixin.py:190} INFO - [2025-02-03T19:27:06.465+0000] {dagbag.py:588} INFO - Filling up the DagBag from /opt/airflow/dags/firstdag.py
[2025-02-03T19:27:06.516+0000] {logging_mixin.py:190} INFO - [2025-02-03T19:27:06.502+0000] {dagbag.py:387} ERROR - Failed to import: /opt/airflow/dags/firstdag.py
Traceback (most recent call last):
  File "/home/airflow/.local/lib/python3.12/site-packages/airflow/models/dagbag.py", line 383, in parse
    loader.exec_module(new_module)
  File "<frozen importlib._bootstrap_external>", line 999, in exec_module
  File "<frozen importlib._bootstrap>", line 488, in _call_with_frames_removed
  File "/opt/airflow/dags/firstdag.py", line 3, in <module>
    with DAG() as dag:
         ^^^^^
TypeError: DAG.__init__() missing 1 required positional argument: 'dag_id'
[2025-02-03T19:27:06.518+0000] {processor.py:927} WARNING - No viable dags retrieved from /opt/airflow/dags/firstdag.py
[2025-02-03T19:27:06.732+0000] {processor.py:208} INFO - Processing /opt/airflow/dags/firstdag.py took 0.303 seconds
[2025-02-03T19:27:37.114+0000] {processor.py:186} INFO - Started process (PID=3132) to work on /opt/airflow/dags/firstdag.py
[2025-02-03T19:27:37.117+0000] {processor.py:914} INFO - Processing file /opt/airflow/dags/firstdag.py for tasks to queue
[2025-02-03T19:27:37.121+0000] {logging_mixin.py:190} INFO - [2025-02-03T19:27:37.120+0000] {dagbag.py:588} INFO - Filling up the DagBag from /opt/airflow/dags/firstdag.py
[2025-02-03T19:27:37.168+0000] {logging_mixin.py:190} INFO - [2025-02-03T19:27:37.160+0000] {dagbag.py:387} ERROR - Failed to import: /opt/airflow/dags/firstdag.py
Traceback (most recent call last):
  File "/home/airflow/.local/lib/python3.12/site-packages/airflow/models/dagbag.py", line 383, in parse
    loader.exec_module(new_module)
  File "<frozen importlib._bootstrap_external>", line 999, in exec_module
  File "<frozen importlib._bootstrap>", line 488, in _call_with_frames_removed
  File "/opt/airflow/dags/firstdag.py", line 3, in <module>
    with DAG() as dag:
         ^^^^^
TypeError: DAG.__init__() missing 1 required positional argument: 'dag_id'
[2025-02-03T19:27:37.170+0000] {processor.py:927} WARNING - No viable dags retrieved from /opt/airflow/dags/firstdag.py
[2025-02-03T19:27:37.239+0000] {processor.py:208} INFO - Processing /opt/airflow/dags/firstdag.py took 0.144 seconds
[2025-02-03T19:28:08.294+0000] {processor.py:186} INFO - Started process (PID=3187) to work on /opt/airflow/dags/firstdag.py
[2025-02-03T19:28:08.297+0000] {processor.py:914} INFO - Processing file /opt/airflow/dags/firstdag.py for tasks to queue
[2025-02-03T19:28:08.300+0000] {logging_mixin.py:190} INFO - [2025-02-03T19:28:08.299+0000] {dagbag.py:588} INFO - Filling up the DagBag from /opt/airflow/dags/firstdag.py
[2025-02-03T19:28:08.348+0000] {logging_mixin.py:190} INFO - [2025-02-03T19:28:08.335+0000] {dagbag.py:387} ERROR - Failed to import: /opt/airflow/dags/firstdag.py
Traceback (most recent call last):
  File "/home/airflow/.local/lib/python3.12/site-packages/airflow/models/dagbag.py", line 383, in parse
    loader.exec_module(new_module)
  File "<frozen importlib._bootstrap_external>", line 999, in exec_module
  File "<frozen importlib._bootstrap>", line 488, in _call_with_frames_removed
  File "/opt/airflow/dags/firstdag.py", line 3, in <module>
    with DAG() as dag:
         ^^^^^
TypeError: DAG.__init__() missing 1 required positional argument: 'dag_id'
[2025-02-03T19:28:08.351+0000] {processor.py:927} WARNING - No viable dags retrieved from /opt/airflow/dags/firstdag.py
[2025-02-03T19:28:08.450+0000] {processor.py:208} INFO - Processing /opt/airflow/dags/firstdag.py took 0.187 seconds
[2025-02-03T19:28:39.564+0000] {processor.py:186} INFO - Started process (PID=3251) to work on /opt/airflow/dags/firstdag.py
[2025-02-03T19:28:39.566+0000] {processor.py:914} INFO - Processing file /opt/airflow/dags/firstdag.py for tasks to queue
[2025-02-03T19:28:39.568+0000] {logging_mixin.py:190} INFO - [2025-02-03T19:28:39.568+0000] {dagbag.py:588} INFO - Filling up the DagBag from /opt/airflow/dags/firstdag.py
[2025-02-03T19:28:39.605+0000] {logging_mixin.py:190} INFO - [2025-02-03T19:28:39.594+0000] {dagbag.py:387} ERROR - Failed to import: /opt/airflow/dags/firstdag.py
Traceback (most recent call last):
  File "/home/airflow/.local/lib/python3.12/site-packages/airflow/models/dagbag.py", line 383, in parse
    loader.exec_module(new_module)
  File "<frozen importlib._bootstrap_external>", line 999, in exec_module
  File "<frozen importlib._bootstrap>", line 488, in _call_with_frames_removed
  File "/opt/airflow/dags/firstdag.py", line 3, in <module>
    with DAG() as dag:
         ^^^^^
TypeError: DAG.__init__() missing 1 required positional argument: 'dag_id'
[2025-02-03T19:28:39.612+0000] {processor.py:927} WARNING - No viable dags retrieved from /opt/airflow/dags/firstdag.py
[2025-02-03T19:28:39.680+0000] {processor.py:208} INFO - Processing /opt/airflow/dags/firstdag.py took 0.134 seconds
[2025-02-03T19:29:11.851+0000] {processor.py:186} INFO - Started process (PID=3314) to work on /opt/airflow/dags/firstdag.py
[2025-02-03T19:29:11.854+0000] {processor.py:914} INFO - Processing file /opt/airflow/dags/firstdag.py for tasks to queue
[2025-02-03T19:29:11.867+0000] {logging_mixin.py:190} INFO - [2025-02-03T19:29:11.866+0000] {dagbag.py:588} INFO - Filling up the DagBag from /opt/airflow/dags/firstdag.py
[2025-02-03T19:29:12.033+0000] {logging_mixin.py:190} INFO - [2025-02-03T19:29:12.001+0000] {dagbag.py:387} ERROR - Failed to import: /opt/airflow/dags/firstdag.py
Traceback (most recent call last):
  File "/home/airflow/.local/lib/python3.12/site-packages/airflow/models/dagbag.py", line 383, in parse
    loader.exec_module(new_module)
  File "<frozen importlib._bootstrap_external>", line 999, in exec_module
  File "<frozen importlib._bootstrap>", line 488, in _call_with_frames_removed
  File "/opt/airflow/dags/firstdag.py", line 3, in <module>
    with DAG() as dag:
         ^^^^^
TypeError: DAG.__init__() missing 1 required positional argument: 'dag_id'
[2025-02-03T19:29:12.035+0000] {processor.py:927} WARNING - No viable dags retrieved from /opt/airflow/dags/firstdag.py
[2025-02-03T19:29:12.119+0000] {processor.py:208} INFO - Processing /opt/airflow/dags/firstdag.py took 0.299 seconds
[2025-02-03T19:29:43.576+0000] {processor.py:186} INFO - Started process (PID=3374) to work on /opt/airflow/dags/firstdag.py
[2025-02-03T19:29:43.587+0000] {processor.py:914} INFO - Processing file /opt/airflow/dags/firstdag.py for tasks to queue
[2025-02-03T19:29:43.590+0000] {logging_mixin.py:190} INFO - [2025-02-03T19:29:43.589+0000] {dagbag.py:588} INFO - Filling up the DagBag from /opt/airflow/dags/firstdag.py
[2025-02-03T19:29:43.656+0000] {logging_mixin.py:190} INFO - [2025-02-03T19:29:43.634+0000] {dagbag.py:387} ERROR - Failed to import: /opt/airflow/dags/firstdag.py
Traceback (most recent call last):
  File "/home/airflow/.local/lib/python3.12/site-packages/airflow/models/dagbag.py", line 383, in parse
    loader.exec_module(new_module)
  File "<frozen importlib._bootstrap_external>", line 999, in exec_module
  File "<frozen importlib._bootstrap>", line 488, in _call_with_frames_removed
  File "/opt/airflow/dags/firstdag.py", line 3, in <module>
    with DAG() as dag:
         ^^^^^
TypeError: DAG.__init__() missing 1 required positional argument: 'dag_id'
[2025-02-03T19:29:43.697+0000] {processor.py:927} WARNING - No viable dags retrieved from /opt/airflow/dags/firstdag.py
[2025-02-03T19:29:43.900+0000] {processor.py:208} INFO - Processing /opt/airflow/dags/firstdag.py took 0.349 seconds
[2025-02-03T19:30:00.704+0000] {processor.py:186} INFO - Started process (PID=3408) to work on /opt/airflow/dags/firstdag.py
[2025-02-03T19:30:00.707+0000] {processor.py:914} INFO - Processing file /opt/airflow/dags/firstdag.py for tasks to queue
[2025-02-03T19:30:00.715+0000] {logging_mixin.py:190} INFO - [2025-02-03T19:30:00.714+0000] {dagbag.py:588} INFO - Filling up the DagBag from /opt/airflow/dags/firstdag.py
[2025-02-03T19:30:00.840+0000] {logging_mixin.py:190} INFO - [2025-02-03T19:30:00.819+0000] {dagbag.py:387} ERROR - Failed to import: /opt/airflow/dags/firstdag.py
Traceback (most recent call last):
  File "/home/airflow/.local/lib/python3.12/site-packages/airflow/models/dagbag.py", line 383, in parse
    loader.exec_module(new_module)
  File "<frozen importlib._bootstrap_external>", line 999, in exec_module
  File "<frozen importlib._bootstrap>", line 488, in _call_with_frames_removed
  File "/opt/airflow/dags/firstdag.py", line 4, in <module>
    with DAG(dag_id = "first_dag", schedule_interval = "0 0 * * *", start_date = "2023-01-01", catchup = False,
         ^^^^^^^^^^^^^^^^^^^^^^^^^^^^^^^^^^^^^^^^^^^^^^^^^^^^^^^^^^^^^^^^^^^^^^^^^^^^^^^^^^^^^^^^^^^^^^^^^^^^^^
  File "/home/airflow/.local/lib/python3.12/site-packages/airflow/models/dag.py", line 617, in __init__
    if start_date and start_date.tzinfo:
                      ^^^^^^^^^^^^^^^^^
AttributeError: 'str' object has no attribute 'tzinfo'
[2025-02-03T19:30:00.849+0000] {processor.py:927} WARNING - No viable dags retrieved from /opt/airflow/dags/firstdag.py
[2025-02-03T19:30:00.917+0000] {processor.py:208} INFO - Processing /opt/airflow/dags/firstdag.py took 0.241 seconds
[2025-02-03T19:30:35.037+0000] {processor.py:186} INFO - Started process (PID=3470) to work on /opt/airflow/dags/firstdag.py
[2025-02-03T19:30:35.043+0000] {processor.py:914} INFO - Processing file /opt/airflow/dags/firstdag.py for tasks to queue
[2025-02-03T19:30:35.053+0000] {logging_mixin.py:190} INFO - [2025-02-03T19:30:35.046+0000] {dagbag.py:588} INFO - Filling up the DagBag from /opt/airflow/dags/firstdag.py
[2025-02-03T19:30:35.576+0000] {logging_mixin.py:190} INFO - [2025-02-03T19:30:35.484+0000] {dagbag.py:387} ERROR - Failed to import: /opt/airflow/dags/firstdag.py
Traceback (most recent call last):
  File "/home/airflow/.local/lib/python3.12/site-packages/airflow/models/dagbag.py", line 383, in parse
    loader.exec_module(new_module)
  File "<frozen importlib._bootstrap_external>", line 999, in exec_module
  File "<frozen importlib._bootstrap>", line 488, in _call_with_frames_removed
  File "/opt/airflow/dags/firstdag.py", line 4, in <module>
    with DAG(dag_id = "first_dag", schedule_interval = "0 0 * * *", start_date = "2023-01-01", catchup = False,
         ^^^^^^^^^^^^^^^^^^^^^^^^^^^^^^^^^^^^^^^^^^^^^^^^^^^^^^^^^^^^^^^^^^^^^^^^^^^^^^^^^^^^^^^^^^^^^^^^^^^^^^
  File "/home/airflow/.local/lib/python3.12/site-packages/airflow/models/dag.py", line 617, in __init__
    if start_date and start_date.tzinfo:
                      ^^^^^^^^^^^^^^^^^
AttributeError: 'str' object has no attribute 'tzinfo'
[2025-02-03T19:30:35.608+0000] {processor.py:927} WARNING - No viable dags retrieved from /opt/airflow/dags/firstdag.py
[2025-02-03T19:30:35.850+0000] {processor.py:208} INFO - Processing /opt/airflow/dags/firstdag.py took 0.863 seconds
[2025-02-03T19:31:30.923+0000] {processor.py:186} INFO - Started process (PID=3539) to work on /opt/airflow/dags/firstdag.py
[2025-02-03T19:31:30.927+0000] {processor.py:914} INFO - Processing file /opt/airflow/dags/firstdag.py for tasks to queue
[2025-02-03T19:31:30.940+0000] {logging_mixin.py:190} INFO - [2025-02-03T19:31:30.939+0000] {dagbag.py:588} INFO - Filling up the DagBag from /opt/airflow/dags/firstdag.py
[2025-02-03T19:31:31.034+0000] {logging_mixin.py:190} INFO - [2025-02-03T19:31:30.997+0000] {dagbag.py:387} ERROR - Failed to import: /opt/airflow/dags/firstdag.py
Traceback (most recent call last):
  File "/home/airflow/.local/lib/python3.12/site-packages/airflow/models/dagbag.py", line 383, in parse
    loader.exec_module(new_module)
  File "<frozen importlib._bootstrap_external>", line 999, in exec_module
  File "<frozen importlib._bootstrap>", line 488, in _call_with_frames_removed
  File "/opt/airflow/dags/firstdag.py", line 4, in <module>
    with DAG(dag_id = "first_dag", schedule_interval = "0 0 * * *", start_date = "2023-01-01", catchup = False,
         ^^^^^^^^^^^^^^^^^^^^^^^^^^^^^^^^^^^^^^^^^^^^^^^^^^^^^^^^^^^^^^^^^^^^^^^^^^^^^^^^^^^^^^^^^^^^^^^^^^^^^^
  File "/home/airflow/.local/lib/python3.12/site-packages/airflow/models/dag.py", line 617, in __init__
    if start_date and start_date.tzinfo:
                      ^^^^^^^^^^^^^^^^^
AttributeError: 'str' object has no attribute 'tzinfo'
[2025-02-03T19:31:31.050+0000] {processor.py:927} WARNING - No viable dags retrieved from /opt/airflow/dags/firstdag.py
[2025-02-03T19:31:31.193+0000] {processor.py:208} INFO - Processing /opt/airflow/dags/firstdag.py took 0.313 seconds
[2025-02-03T19:32:22.497+0000] {processor.py:186} INFO - Started process (PID=3588) to work on /opt/airflow/dags/firstdag.py
[2025-02-03T19:32:22.500+0000] {processor.py:914} INFO - Processing file /opt/airflow/dags/firstdag.py for tasks to queue
[2025-02-03T19:32:22.506+0000] {logging_mixin.py:190} INFO - [2025-02-03T19:32:22.504+0000] {dagbag.py:588} INFO - Filling up the DagBag from /opt/airflow/dags/firstdag.py
[2025-02-03T19:32:22.603+0000] {logging_mixin.py:190} INFO - [2025-02-03T19:32:22.581+0000] {dagbag.py:387} ERROR - Failed to import: /opt/airflow/dags/firstdag.py
Traceback (most recent call last):
  File "/home/airflow/.local/lib/python3.12/site-packages/airflow/models/dagbag.py", line 383, in parse
    loader.exec_module(new_module)
  File "<frozen importlib._bootstrap_external>", line 999, in exec_module
  File "<frozen importlib._bootstrap>", line 488, in _call_with_frames_removed
  File "/opt/airflow/dags/firstdag.py", line 4, in <module>
    with DAG(dag_id = "first_dag", schedule_interval = "0 0 * * *", start_date = "2023-01-01", catchup = False,
         ^^^^^^^^^^^^^^^^^^^^^^^^^^^^^^^^^^^^^^^^^^^^^^^^^^^^^^^^^^^^^^^^^^^^^^^^^^^^^^^^^^^^^^^^^^^^^^^^^^^^^^
  File "/home/airflow/.local/lib/python3.12/site-packages/airflow/models/dag.py", line 617, in __init__
    if start_date and start_date.tzinfo:
                      ^^^^^^^^^^^^^^^^^
AttributeError: 'str' object has no attribute 'tzinfo'
[2025-02-03T19:32:22.638+0000] {processor.py:927} WARNING - No viable dags retrieved from /opt/airflow/dags/firstdag.py
[2025-02-03T19:32:22.740+0000] {processor.py:208} INFO - Processing /opt/airflow/dags/firstdag.py took 0.279 seconds
[2025-02-03T19:32:53.012+0000] {processor.py:186} INFO - Started process (PID=3652) to work on /opt/airflow/dags/firstdag.py
[2025-02-03T19:32:53.014+0000] {processor.py:914} INFO - Processing file /opt/airflow/dags/firstdag.py for tasks to queue
[2025-02-03T19:32:53.017+0000] {logging_mixin.py:190} INFO - [2025-02-03T19:32:53.017+0000] {dagbag.py:588} INFO - Filling up the DagBag from /opt/airflow/dags/firstdag.py
[2025-02-03T19:32:53.039+0000] {logging_mixin.py:190} INFO - [2025-02-03T19:32:53.032+0000] {dagbag.py:387} ERROR - Failed to import: /opt/airflow/dags/firstdag.py
Traceback (most recent call last):
  File "/home/airflow/.local/lib/python3.12/site-packages/airflow/models/dagbag.py", line 383, in parse
    loader.exec_module(new_module)
  File "<frozen importlib._bootstrap_external>", line 999, in exec_module
  File "<frozen importlib._bootstrap>", line 488, in _call_with_frames_removed
  File "/opt/airflow/dags/firstdag.py", line 4, in <module>
    with DAG(dag_id = "first_dag", schedule_interval = "0 0 * * *", start_date = "2023-01-01", catchup = False,
         ^^^^^^^^^^^^^^^^^^^^^^^^^^^^^^^^^^^^^^^^^^^^^^^^^^^^^^^^^^^^^^^^^^^^^^^^^^^^^^^^^^^^^^^^^^^^^^^^^^^^^^
  File "/home/airflow/.local/lib/python3.12/site-packages/airflow/models/dag.py", line 617, in __init__
    if start_date and start_date.tzinfo:
                      ^^^^^^^^^^^^^^^^^
AttributeError: 'str' object has no attribute 'tzinfo'
[2025-02-03T19:32:53.044+0000] {processor.py:927} WARNING - No viable dags retrieved from /opt/airflow/dags/firstdag.py
[2025-02-03T19:32:53.085+0000] {processor.py:208} INFO - Processing /opt/airflow/dags/firstdag.py took 0.085 seconds
[2025-02-03T19:33:26.477+0000] {processor.py:186} INFO - Started process (PID=3711) to work on /opt/airflow/dags/firstdag.py
[2025-02-03T19:33:26.507+0000] {processor.py:914} INFO - Processing file /opt/airflow/dags/firstdag.py for tasks to queue
[2025-02-03T19:33:26.527+0000] {logging_mixin.py:190} INFO - [2025-02-03T19:33:26.526+0000] {dagbag.py:588} INFO - Filling up the DagBag from /opt/airflow/dags/firstdag.py
[2025-02-03T19:33:26.641+0000] {logging_mixin.py:190} INFO - [2025-02-03T19:33:26.607+0000] {dagbag.py:387} ERROR - Failed to import: /opt/airflow/dags/firstdag.py
Traceback (most recent call last):
  File "/home/airflow/.local/lib/python3.12/site-packages/airflow/models/dagbag.py", line 383, in parse
    loader.exec_module(new_module)
  File "<frozen importlib._bootstrap_external>", line 999, in exec_module
  File "<frozen importlib._bootstrap>", line 488, in _call_with_frames_removed
  File "/opt/airflow/dags/firstdag.py", line 4, in <module>
    with DAG(dag_id = "first_dag", schedule_interval = "0 0 * * *", start_date = "2023-01-01", catchup = False,
         ^^^^^^^^^^^^^^^^^^^^^^^^^^^^^^^^^^^^^^^^^^^^^^^^^^^^^^^^^^^^^^^^^^^^^^^^^^^^^^^^^^^^^^^^^^^^^^^^^^^^^^
  File "/home/airflow/.local/lib/python3.12/site-packages/airflow/models/dag.py", line 617, in __init__
    if start_date and start_date.tzinfo:
                      ^^^^^^^^^^^^^^^^^
AttributeError: 'str' object has no attribute 'tzinfo'
[2025-02-03T19:33:27.003+0000] {processor.py:927} WARNING - No viable dags retrieved from /opt/airflow/dags/firstdag.py
[2025-02-03T19:33:27.813+0000] {processor.py:208} INFO - Processing /opt/airflow/dags/firstdag.py took 1.422 seconds
[2025-02-03T19:33:56.132+0000] {processor.py:186} INFO - Started process (PID=3768) to work on /opt/airflow/dags/firstdag.py
[2025-02-03T19:33:56.135+0000] {processor.py:914} INFO - Processing file /opt/airflow/dags/firstdag.py for tasks to queue
[2025-02-03T19:33:56.149+0000] {logging_mixin.py:190} INFO - [2025-02-03T19:33:56.148+0000] {dagbag.py:588} INFO - Filling up the DagBag from /opt/airflow/dags/firstdag.py
[2025-02-03T19:33:56.525+0000] {logging_mixin.py:190} INFO - [2025-02-03T19:33:56.484+0000] {dagbag.py:387} ERROR - Failed to import: /opt/airflow/dags/firstdag.py
Traceback (most recent call last):
  File "/home/airflow/.local/lib/python3.12/site-packages/airflow/models/dagbag.py", line 383, in parse
    loader.exec_module(new_module)
  File "<frozen importlib._bootstrap_external>", line 999, in exec_module
  File "<frozen importlib._bootstrap>", line 488, in _call_with_frames_removed
  File "/opt/airflow/dags/firstdag.py", line 5, in <module>
    tags = ["first_dag"], dagrun_timeout = timedelta(minutes = 60), description = "first dag")as dag:
                                           ^^^^^^^^^
NameError: name 'timedelta' is not defined
[2025-02-03T19:33:56.558+0000] {processor.py:927} WARNING - No viable dags retrieved from /opt/airflow/dags/firstdag.py
[2025-02-03T19:33:56.805+0000] {processor.py:208} INFO - Processing /opt/airflow/dags/firstdag.py took 0.712 seconds
[2025-02-03T19:34:50.388+0000] {processor.py:186} INFO - Started process (PID=3835) to work on /opt/airflow/dags/firstdag.py
[2025-02-03T19:34:50.406+0000] {processor.py:914} INFO - Processing file /opt/airflow/dags/firstdag.py for tasks to queue
[2025-02-03T19:34:50.467+0000] {logging_mixin.py:190} INFO - [2025-02-03T19:34:50.466+0000] {dagbag.py:588} INFO - Filling up the DagBag from /opt/airflow/dags/firstdag.py
[2025-02-03T19:34:51.916+0000] {logging_mixin.py:190} INFO - [2025-02-03T19:34:51.752+0000] {dagbag.py:387} ERROR - Failed to import: /opt/airflow/dags/firstdag.py
Traceback (most recent call last):
  File "/home/airflow/.local/lib/python3.12/site-packages/airflow/models/dagbag.py", line 383, in parse
    loader.exec_module(new_module)
  File "<frozen importlib._bootstrap_external>", line 999, in exec_module
  File "<frozen importlib._bootstrap>", line 488, in _call_with_frames_removed
  File "/opt/airflow/dags/firstdag.py", line 5, in <module>
    tags = ["first_dag"], dagrun_timeout = timedelta(minutes = 60), description = "first dag")as dag:
                                           ^^^^^^^^^
NameError: name 'timedelta' is not defined
[2025-02-03T19:34:52.044+0000] {processor.py:927} WARNING - No viable dags retrieved from /opt/airflow/dags/firstdag.py
[2025-02-03T19:34:52.260+0000] {processor.py:208} INFO - Processing /opt/airflow/dags/firstdag.py took 1.978 seconds
[2025-02-03T19:35:54.184+0000] {processor.py:186} INFO - Started process (PID=3904) to work on /opt/airflow/dags/firstdag.py
[2025-02-03T19:35:54.195+0000] {processor.py:914} INFO - Processing file /opt/airflow/dags/firstdag.py for tasks to queue
[2025-02-03T19:35:54.206+0000] {logging_mixin.py:190} INFO - [2025-02-03T19:35:54.205+0000] {dagbag.py:588} INFO - Filling up the DagBag from /opt/airflow/dags/firstdag.py
[2025-02-03T19:35:54.941+0000] {logging_mixin.py:190} INFO - [2025-02-03T19:35:54.595+0000] {dagbag.py:387} ERROR - Failed to import: /opt/airflow/dags/firstdag.py
Traceback (most recent call last):
  File "/home/airflow/.local/lib/python3.12/site-packages/airflow/models/dagbag.py", line 383, in parse
    loader.exec_module(new_module)
  File "<frozen importlib._bootstrap_external>", line 999, in exec_module
  File "<frozen importlib._bootstrap>", line 488, in _call_with_frames_removed
  File "/opt/airflow/dags/firstdag.py", line 5, in <module>
    tags = ["first_dag"], dagrun_timeout = timedelta(minutes = 60), description = "first dag")as dag:
                                           ^^^^^^^^^
NameError: name 'timedelta' is not defined
[2025-02-03T19:35:55.058+0000] {processor.py:927} WARNING - No viable dags retrieved from /opt/airflow/dags/firstdag.py
[2025-02-03T19:35:55.490+0000] {processor.py:208} INFO - Processing /opt/airflow/dags/firstdag.py took 1.384 seconds
[2025-02-03T19:36:28.897+0000] {processor.py:186} INFO - Started process (PID=3931) to work on /opt/airflow/dags/firstdag.py
[2025-02-03T19:36:28.913+0000] {processor.py:914} INFO - Processing file /opt/airflow/dags/firstdag.py for tasks to queue
[2025-02-03T19:36:28.918+0000] {logging_mixin.py:190} INFO - [2025-02-03T19:36:28.917+0000] {dagbag.py:588} INFO - Filling up the DagBag from /opt/airflow/dags/firstdag.py
[2025-02-03T19:36:31.624+0000] {processor.py:925} INFO - DAG(s) 'first_dag' retrieved from /opt/airflow/dags/firstdag.py
[2025-02-03T19:36:33.085+0000] {logging_mixin.py:190} INFO - [2025-02-03T19:36:33.076+0000] {override.py:1911} INFO - Created Permission View: can edit on DAG:first_dag
[2025-02-03T19:36:33.163+0000] {logging_mixin.py:190} INFO - [2025-02-03T19:36:33.163+0000] {override.py:1911} INFO - Created Permission View: can read on DAG:first_dag
[2025-02-03T19:36:33.400+0000] {logging_mixin.py:190} INFO - [2025-02-03T19:36:33.399+0000] {override.py:1911} INFO - Created Permission View: can delete on DAG:first_dag
[2025-02-03T19:36:33.764+0000] {logging_mixin.py:190} INFO - [2025-02-03T19:36:33.763+0000] {override.py:1911} INFO - Created Permission View: menu access on DAG Run:first_dag
[2025-02-03T19:36:34.068+0000] {logging_mixin.py:190} INFO - [2025-02-03T19:36:34.066+0000] {override.py:1911} INFO - Created Permission View: can create on DAG Run:first_dag
[2025-02-03T19:36:34.154+0000] {logging_mixin.py:190} INFO - [2025-02-03T19:36:34.153+0000] {override.py:1911} INFO - Created Permission View: can read on DAG Run:first_dag
[2025-02-03T19:36:34.252+0000] {logging_mixin.py:190} INFO - [2025-02-03T19:36:34.251+0000] {override.py:1911} INFO - Created Permission View: can delete on DAG Run:first_dag
[2025-02-03T19:36:34.353+0000] {logging_mixin.py:190} INFO - [2025-02-03T19:36:34.339+0000] {dag.py:3239} INFO - Sync 1 DAGs
[2025-02-03T19:36:34.697+0000] {logging_mixin.py:190} INFO - [2025-02-03T19:36:34.696+0000] {dag.py:3262} INFO - Creating ORM DAG for first_dag
[2025-02-03T19:36:35.051+0000] {logging_mixin.py:190} INFO - [2025-02-03T19:36:35.051+0000] {dag.py:4180} INFO - Setting next_dagrun for first_dag to 2025-02-02 00:00:00+00:00, run_after=2025-02-03 00:00:00+00:00
[2025-02-03T19:36:35.760+0000] {processor.py:208} INFO - Processing /opt/airflow/dags/firstdag.py took 6.926 seconds
[2025-02-03T19:37:06.560+0000] {processor.py:186} INFO - Started process (PID=3978) to work on /opt/airflow/dags/firstdag.py
[2025-02-03T19:37:06.566+0000] {processor.py:914} INFO - Processing file /opt/airflow/dags/firstdag.py for tasks to queue
[2025-02-03T19:37:06.599+0000] {logging_mixin.py:190} INFO - [2025-02-03T19:37:06.597+0000] {dagbag.py:588} INFO - Filling up the DagBag from /opt/airflow/dags/firstdag.py
[2025-02-03T19:37:06.675+0000] {processor.py:925} INFO - DAG(s) 'first_dag' retrieved from /opt/airflow/dags/firstdag.py
[2025-02-03T19:37:06.801+0000] {logging_mixin.py:190} INFO - [2025-02-03T19:37:06.800+0000] {dag.py:3239} INFO - Sync 1 DAGs
[2025-02-03T19:37:07.002+0000] {logging_mixin.py:190} INFO - [2025-02-03T19:37:07.002+0000] {dag.py:4180} INFO - Setting next_dagrun for first_dag to 2025-02-02 00:00:00+00:00, run_after=2025-02-03 00:00:00+00:00
[2025-02-03T19:37:07.158+0000] {processor.py:208} INFO - Processing /opt/airflow/dags/firstdag.py took 0.643 seconds
[2025-02-03T19:37:37.827+0000] {processor.py:186} INFO - Started process (PID=4042) to work on /opt/airflow/dags/firstdag.py
[2025-02-03T19:37:37.829+0000] {processor.py:914} INFO - Processing file /opt/airflow/dags/firstdag.py for tasks to queue
[2025-02-03T19:37:37.832+0000] {logging_mixin.py:190} INFO - [2025-02-03T19:37:37.831+0000] {dagbag.py:588} INFO - Filling up the DagBag from /opt/airflow/dags/firstdag.py
[2025-02-03T19:37:37.858+0000] {processor.py:925} INFO - DAG(s) 'first_dag' retrieved from /opt/airflow/dags/firstdag.py
[2025-02-03T19:37:37.895+0000] {logging_mixin.py:190} INFO - [2025-02-03T19:37:37.895+0000] {dag.py:3239} INFO - Sync 1 DAGs
[2025-02-03T19:37:37.943+0000] {logging_mixin.py:190} INFO - [2025-02-03T19:37:37.942+0000] {dag.py:4180} INFO - Setting next_dagrun for first_dag to 2025-02-02 00:00:00+00:00, run_after=2025-02-03 00:00:00+00:00
[2025-02-03T19:37:37.982+0000] {processor.py:208} INFO - Processing /opt/airflow/dags/firstdag.py took 0.168 seconds
[2025-02-03T19:38:08.347+0000] {processor.py:186} INFO - Started process (PID=4106) to work on /opt/airflow/dags/firstdag.py
[2025-02-03T19:38:08.350+0000] {processor.py:914} INFO - Processing file /opt/airflow/dags/firstdag.py for tasks to queue
[2025-02-03T19:38:08.353+0000] {logging_mixin.py:190} INFO - [2025-02-03T19:38:08.352+0000] {dagbag.py:588} INFO - Filling up the DagBag from /opt/airflow/dags/firstdag.py
[2025-02-03T19:38:08.391+0000] {processor.py:925} INFO - DAG(s) 'first_dag' retrieved from /opt/airflow/dags/firstdag.py
[2025-02-03T19:38:08.447+0000] {logging_mixin.py:190} INFO - [2025-02-03T19:38:08.447+0000] {dag.py:3239} INFO - Sync 1 DAGs
[2025-02-03T19:38:08.546+0000] {logging_mixin.py:190} INFO - [2025-02-03T19:38:08.544+0000] {dag.py:4180} INFO - Setting next_dagrun for first_dag to 2025-02-02 00:00:00+00:00, run_after=2025-02-03 00:00:00+00:00
[2025-02-03T19:38:08.625+0000] {processor.py:208} INFO - Processing /opt/airflow/dags/firstdag.py took 0.300 seconds
[2025-02-03T19:38:39.074+0000] {processor.py:186} INFO - Started process (PID=4165) to work on /opt/airflow/dags/firstdag.py
[2025-02-03T19:38:39.079+0000] {processor.py:914} INFO - Processing file /opt/airflow/dags/firstdag.py for tasks to queue
[2025-02-03T19:38:39.083+0000] {logging_mixin.py:190} INFO - [2025-02-03T19:38:39.082+0000] {dagbag.py:588} INFO - Filling up the DagBag from /opt/airflow/dags/firstdag.py
[2025-02-03T19:38:39.144+0000] {processor.py:925} INFO - DAG(s) 'first_dag' retrieved from /opt/airflow/dags/firstdag.py
[2025-02-03T19:38:39.215+0000] {logging_mixin.py:190} INFO - [2025-02-03T19:38:39.214+0000] {dag.py:3239} INFO - Sync 1 DAGs
[2025-02-03T19:38:39.323+0000] {logging_mixin.py:190} INFO - [2025-02-03T19:38:39.322+0000] {dag.py:4180} INFO - Setting next_dagrun for first_dag to 2025-02-02 00:00:00+00:00, run_after=2025-02-03 00:00:00+00:00
[2025-02-03T19:38:39.388+0000] {processor.py:208} INFO - Processing /opt/airflow/dags/firstdag.py took 0.338 seconds
[2025-02-03T19:39:09.168+0000] {processor.py:186} INFO - Started process (PID=4218) to work on /opt/airflow/dags/firstdag.py
[2025-02-03T19:39:09.171+0000] {processor.py:914} INFO - Processing file /opt/airflow/dags/firstdag.py for tasks to queue
[2025-02-03T19:39:09.174+0000] {logging_mixin.py:190} INFO - [2025-02-03T19:39:09.173+0000] {dagbag.py:588} INFO - Filling up the DagBag from /opt/airflow/dags/firstdag.py
[2025-02-03T19:39:09.261+0000] {processor.py:925} INFO - DAG(s) 'first_dag' retrieved from /opt/airflow/dags/firstdag.py
[2025-02-03T19:39:09.348+0000] {logging_mixin.py:190} INFO - [2025-02-03T19:39:09.346+0000] {dag.py:3239} INFO - Sync 1 DAGs
[2025-02-03T19:39:09.472+0000] {logging_mixin.py:190} INFO - [2025-02-03T19:39:09.471+0000] {dag.py:4180} INFO - Setting next_dagrun for first_dag to 2025-02-02 00:00:00+00:00, run_after=2025-02-03 00:00:00+00:00
[2025-02-03T19:39:09.548+0000] {processor.py:208} INFO - Processing /opt/airflow/dags/firstdag.py took 0.400 seconds
[2025-02-03T19:39:45.653+0000] {processor.py:186} INFO - Started process (PID=4282) to work on /opt/airflow/dags/firstdag.py
[2025-02-03T19:39:45.666+0000] {processor.py:914} INFO - Processing file /opt/airflow/dags/firstdag.py for tasks to queue
[2025-02-03T19:39:45.675+0000] {logging_mixin.py:190} INFO - [2025-02-03T19:39:45.671+0000] {dagbag.py:588} INFO - Filling up the DagBag from /opt/airflow/dags/firstdag.py
[2025-02-03T19:39:45.738+0000] {processor.py:925} INFO - DAG(s) 'first_dag' retrieved from /opt/airflow/dags/firstdag.py
[2025-02-03T19:39:45.837+0000] {logging_mixin.py:190} INFO - [2025-02-03T19:39:45.837+0000] {dag.py:3239} INFO - Sync 1 DAGs
[2025-02-03T19:39:45.948+0000] {logging_mixin.py:190} INFO - [2025-02-03T19:39:45.947+0000] {dag.py:4180} INFO - Setting next_dagrun for first_dag to 2025-02-02 00:00:00+00:00, run_after=2025-02-03 00:00:00+00:00
[2025-02-03T19:39:46.081+0000] {processor.py:208} INFO - Processing /opt/airflow/dags/firstdag.py took 0.480 seconds
[2025-02-03T19:40:04.249+0000] {processor.py:186} INFO - Started process (PID=4317) to work on /opt/airflow/dags/firstdag.py
[2025-02-03T19:40:04.270+0000] {processor.py:914} INFO - Processing file /opt/airflow/dags/firstdag.py for tasks to queue
[2025-02-03T19:40:04.278+0000] {logging_mixin.py:190} INFO - [2025-02-03T19:40:04.277+0000] {dagbag.py:588} INFO - Filling up the DagBag from /opt/airflow/dags/firstdag.py
[2025-02-03T19:40:04.395+0000] {processor.py:925} INFO - DAG(s) 'first_dag' retrieved from /opt/airflow/dags/firstdag.py
[2025-02-03T19:40:05.425+0000] {logging_mixin.py:190} INFO - [2025-02-03T19:40:05.420+0000] {dag.py:3239} INFO - Sync 1 DAGs
[2025-02-03T19:40:05.663+0000] {logging_mixin.py:190} INFO - [2025-02-03T19:40:05.662+0000] {dag.py:4180} INFO - Setting next_dagrun for first_dag to 2025-02-03 18:00:00+00:00, run_after=2025-02-03 19:00:00+00:00
[2025-02-03T19:40:05.927+0000] {processor.py:208} INFO - Processing /opt/airflow/dags/firstdag.py took 1.714 seconds
[2025-02-03T19:40:36.515+0000] {processor.py:186} INFO - Started process (PID=4381) to work on /opt/airflow/dags/firstdag.py
[2025-02-03T19:40:36.518+0000] {processor.py:914} INFO - Processing file /opt/airflow/dags/firstdag.py for tasks to queue
[2025-02-03T19:40:36.523+0000] {logging_mixin.py:190} INFO - [2025-02-03T19:40:36.522+0000] {dagbag.py:588} INFO - Filling up the DagBag from /opt/airflow/dags/firstdag.py
[2025-02-03T19:40:36.577+0000] {processor.py:925} INFO - DAG(s) 'first_dag' retrieved from /opt/airflow/dags/firstdag.py
[2025-02-03T19:40:36.714+0000] {logging_mixin.py:190} INFO - [2025-02-03T19:40:36.713+0000] {dag.py:3239} INFO - Sync 1 DAGs
[2025-02-03T19:40:36.897+0000] {logging_mixin.py:190} INFO - [2025-02-03T19:40:36.896+0000] {dag.py:4180} INFO - Setting next_dagrun for first_dag to 2025-02-03 18:00:00+00:00, run_after=2025-02-03 19:00:00+00:00
[2025-02-03T19:40:37.027+0000] {processor.py:208} INFO - Processing /opt/airflow/dags/firstdag.py took 0.534 seconds
[2025-02-03T19:41:14.247+0000] {processor.py:186} INFO - Started process (PID=4435) to work on /opt/airflow/dags/firstdag.py
[2025-02-03T19:41:14.263+0000] {processor.py:914} INFO - Processing file /opt/airflow/dags/firstdag.py for tasks to queue
[2025-02-03T19:41:14.267+0000] {logging_mixin.py:190} INFO - [2025-02-03T19:41:14.266+0000] {dagbag.py:588} INFO - Filling up the DagBag from /opt/airflow/dags/firstdag.py
[2025-02-03T19:41:14.378+0000] {processor.py:925} INFO - DAG(s) 'first_dag' retrieved from /opt/airflow/dags/firstdag.py
[2025-02-03T19:41:14.634+0000] {logging_mixin.py:190} INFO - [2025-02-03T19:41:14.633+0000] {dag.py:3239} INFO - Sync 1 DAGs
[2025-02-03T19:41:14.885+0000] {logging_mixin.py:190} INFO - [2025-02-03T19:41:14.884+0000] {dag.py:4180} INFO - Setting next_dagrun for first_dag to 2025-02-03 18:00:00+00:00, run_after=2025-02-03 19:00:00+00:00
[2025-02-03T19:41:15.593+0000] {processor.py:208} INFO - Processing /opt/airflow/dags/firstdag.py took 1.397 seconds
[2025-02-03T19:41:47.089+0000] {processor.py:186} INFO - Started process (PID=4479) to work on /opt/airflow/dags/firstdag.py
[2025-02-03T19:41:47.092+0000] {processor.py:914} INFO - Processing file /opt/airflow/dags/firstdag.py for tasks to queue
[2025-02-03T19:41:47.097+0000] {logging_mixin.py:190} INFO - [2025-02-03T19:41:47.095+0000] {dagbag.py:588} INFO - Filling up the DagBag from /opt/airflow/dags/firstdag.py
[2025-02-03T19:41:47.130+0000] {processor.py:925} INFO - DAG(s) 'first_dag' retrieved from /opt/airflow/dags/firstdag.py
[2025-02-03T19:41:47.172+0000] {logging_mixin.py:190} INFO - [2025-02-03T19:41:47.172+0000] {dag.py:3239} INFO - Sync 1 DAGs
[2025-02-03T19:41:47.243+0000] {logging_mixin.py:190} INFO - [2025-02-03T19:41:47.242+0000] {dag.py:4180} INFO - Setting next_dagrun for first_dag to 2025-02-03 18:00:00+00:00, run_after=2025-02-03 19:00:00+00:00
[2025-02-03T19:41:47.276+0000] {processor.py:208} INFO - Processing /opt/airflow/dags/firstdag.py took 0.204 seconds
[2025-02-03T19:42:17.594+0000] {processor.py:186} INFO - Started process (PID=4541) to work on /opt/airflow/dags/firstdag.py
[2025-02-03T19:42:17.596+0000] {processor.py:914} INFO - Processing file /opt/airflow/dags/firstdag.py for tasks to queue
[2025-02-03T19:42:17.599+0000] {logging_mixin.py:190} INFO - [2025-02-03T19:42:17.598+0000] {dagbag.py:588} INFO - Filling up the DagBag from /opt/airflow/dags/firstdag.py
[2025-02-03T19:42:17.638+0000] {processor.py:925} INFO - DAG(s) 'first_dag' retrieved from /opt/airflow/dags/firstdag.py
[2025-02-03T19:42:17.683+0000] {logging_mixin.py:190} INFO - [2025-02-03T19:42:17.683+0000] {dag.py:3239} INFO - Sync 1 DAGs
[2025-02-03T19:42:17.820+0000] {logging_mixin.py:190} INFO - [2025-02-03T19:42:17.819+0000] {dag.py:4180} INFO - Setting next_dagrun for first_dag to 2025-02-03 18:00:00+00:00, run_after=2025-02-03 19:00:00+00:00
[2025-02-03T19:42:17.871+0000] {processor.py:208} INFO - Processing /opt/airflow/dags/firstdag.py took 0.299 seconds
[2025-02-03T19:42:23.842+0000] {processor.py:186} INFO - Started process (PID=4572) to work on /opt/airflow/dags/firstdag.py
[2025-02-03T19:42:23.844+0000] {processor.py:914} INFO - Processing file /opt/airflow/dags/firstdag.py for tasks to queue
[2025-02-03T19:42:23.847+0000] {logging_mixin.py:190} INFO - [2025-02-03T19:42:23.846+0000] {dagbag.py:588} INFO - Filling up the DagBag from /opt/airflow/dags/firstdag.py
[2025-02-03T19:42:23.893+0000] {processor.py:925} INFO - DAG(s) 'first_dag' retrieved from /opt/airflow/dags/firstdag.py
[2025-02-03T19:42:24.110+0000] {logging_mixin.py:190} INFO - [2025-02-03T19:42:24.109+0000] {dag.py:3239} INFO - Sync 1 DAGs
[2025-02-03T19:42:24.175+0000] {logging_mixin.py:190} INFO - [2025-02-03T19:42:24.169+0000] {dag.py:4180} INFO - Setting next_dagrun for first_dag to 2025-02-03 18:00:00+00:00, run_after=2025-02-03 19:00:00+00:00
[2025-02-03T19:42:24.228+0000] {processor.py:208} INFO - Processing /opt/airflow/dags/firstdag.py took 0.398 seconds
[2025-02-03T19:42:59.348+0000] {processor.py:186} INFO - Started process (PID=4617) to work on /opt/airflow/dags/firstdag.py
[2025-02-03T19:42:59.353+0000] {processor.py:914} INFO - Processing file /opt/airflow/dags/firstdag.py for tasks to queue
[2025-02-03T19:42:59.357+0000] {logging_mixin.py:190} INFO - [2025-02-03T19:42:59.356+0000] {dagbag.py:588} INFO - Filling up the DagBag from /opt/airflow/dags/firstdag.py
[2025-02-03T19:42:59.484+0000] {processor.py:925} INFO - DAG(s) 'first_dag' retrieved from /opt/airflow/dags/firstdag.py
[2025-02-03T19:42:59.530+0000] {logging_mixin.py:190} INFO - [2025-02-03T19:42:59.529+0000] {dag.py:3239} INFO - Sync 1 DAGs
[2025-02-03T19:42:59.616+0000] {logging_mixin.py:190} INFO - [2025-02-03T19:42:59.615+0000] {dag.py:4180} INFO - Setting next_dagrun for first_dag to 2025-02-03 18:00:00+00:00, run_after=2025-02-03 19:00:00+00:00
[2025-02-03T19:42:59.677+0000] {processor.py:208} INFO - Processing /opt/airflow/dags/firstdag.py took 0.352 seconds
[2025-02-03T19:43:30.745+0000] {processor.py:186} INFO - Started process (PID=4681) to work on /opt/airflow/dags/firstdag.py
[2025-02-03T19:43:30.757+0000] {processor.py:914} INFO - Processing file /opt/airflow/dags/firstdag.py for tasks to queue
[2025-02-03T19:43:30.775+0000] {logging_mixin.py:190} INFO - [2025-02-03T19:43:30.774+0000] {dagbag.py:588} INFO - Filling up the DagBag from /opt/airflow/dags/firstdag.py
[2025-02-03T19:43:30.925+0000] {processor.py:925} INFO - DAG(s) 'first_dag' retrieved from /opt/airflow/dags/firstdag.py
[2025-02-03T19:43:31.034+0000] {logging_mixin.py:190} INFO - [2025-02-03T19:43:31.033+0000] {dag.py:3239} INFO - Sync 1 DAGs
[2025-02-03T19:43:31.162+0000] {logging_mixin.py:190} INFO - [2025-02-03T19:43:31.162+0000] {dag.py:4180} INFO - Setting next_dagrun for first_dag to 2025-02-03 18:00:00+00:00, run_after=2025-02-03 19:00:00+00:00
[2025-02-03T19:43:31.259+0000] {processor.py:208} INFO - Processing /opt/airflow/dags/firstdag.py took 0.553 seconds
[2025-02-03T19:43:53.623+0000] {processor.py:186} INFO - Started process (PID=4727) to work on /opt/airflow/dags/firstdag.py
[2025-02-03T19:43:53.644+0000] {processor.py:914} INFO - Processing file /opt/airflow/dags/firstdag.py for tasks to queue
[2025-02-03T19:43:53.653+0000] {logging_mixin.py:190} INFO - [2025-02-03T19:43:53.650+0000] {dagbag.py:588} INFO - Filling up the DagBag from /opt/airflow/dags/firstdag.py
[2025-02-03T19:43:54.142+0000] {processor.py:925} INFO - DAG(s) 'first_dag' retrieved from /opt/airflow/dags/firstdag.py
[2025-02-03T19:43:54.283+0000] {logging_mixin.py:190} INFO - [2025-02-03T19:43:54.283+0000] {dag.py:3239} INFO - Sync 1 DAGs
[2025-02-03T19:43:54.629+0000] {logging_mixin.py:190} INFO - [2025-02-03T19:43:54.629+0000] {dag.py:4180} INFO - Setting next_dagrun for first_dag to 2025-02-03 18:00:00+00:00, run_after=2025-02-03 19:00:00+00:00
[2025-02-03T19:43:55.065+0000] {processor.py:208} INFO - Processing /opt/airflow/dags/firstdag.py took 1.515 seconds
[2025-02-03T19:44:34.338+0000] {processor.py:186} INFO - Started process (PID=4772) to work on /opt/airflow/dags/firstdag.py
[2025-02-03T19:44:34.351+0000] {processor.py:914} INFO - Processing file /opt/airflow/dags/firstdag.py for tasks to queue
[2025-02-03T19:44:34.357+0000] {logging_mixin.py:190} INFO - [2025-02-03T19:44:34.356+0000] {dagbag.py:588} INFO - Filling up the DagBag from /opt/airflow/dags/firstdag.py
[2025-02-03T19:44:34.454+0000] {processor.py:925} INFO - DAG(s) 'first_dag' retrieved from /opt/airflow/dags/firstdag.py
[2025-02-03T19:44:34.606+0000] {logging_mixin.py:190} INFO - [2025-02-03T19:44:34.605+0000] {dag.py:3239} INFO - Sync 1 DAGs
[2025-02-03T19:44:34.893+0000] {logging_mixin.py:190} INFO - [2025-02-03T19:44:34.893+0000] {dag.py:4180} INFO - Setting next_dagrun for first_dag to 2025-02-03 18:00:00+00:00, run_after=2025-02-03 19:00:00+00:00
[2025-02-03T19:44:35.120+0000] {processor.py:208} INFO - Processing /opt/airflow/dags/firstdag.py took 0.835 seconds
[2025-02-03T19:45:17.458+0000] {processor.py:186} INFO - Started process (PID=4825) to work on /opt/airflow/dags/firstdag.py
[2025-02-03T19:45:17.461+0000] {processor.py:914} INFO - Processing file /opt/airflow/dags/firstdag.py for tasks to queue
[2025-02-03T19:45:17.472+0000] {logging_mixin.py:190} INFO - [2025-02-03T19:45:17.464+0000] {dagbag.py:588} INFO - Filling up the DagBag from /opt/airflow/dags/firstdag.py
[2025-02-03T19:45:17.548+0000] {processor.py:925} INFO - DAG(s) 'first_dag' retrieved from /opt/airflow/dags/firstdag.py
[2025-02-03T19:45:17.681+0000] {logging_mixin.py:190} INFO - [2025-02-03T19:45:17.680+0000] {dag.py:3239} INFO - Sync 1 DAGs
[2025-02-03T19:45:17.932+0000] {logging_mixin.py:190} INFO - [2025-02-03T19:45:17.931+0000] {dag.py:4180} INFO - Setting next_dagrun for first_dag to 2025-02-03 18:00:00+00:00, run_after=2025-02-03 19:00:00+00:00
[2025-02-03T19:45:18.207+0000] {processor.py:208} INFO - Processing /opt/airflow/dags/firstdag.py took 0.769 seconds
[2025-02-03T19:45:52.676+0000] {processor.py:186} INFO - Started process (PID=4895) to work on /opt/airflow/dags/firstdag.py
[2025-02-03T19:45:52.680+0000] {processor.py:914} INFO - Processing file /opt/airflow/dags/firstdag.py for tasks to queue
[2025-02-03T19:45:52.684+0000] {logging_mixin.py:190} INFO - [2025-02-03T19:45:52.682+0000] {dagbag.py:588} INFO - Filling up the DagBag from /opt/airflow/dags/firstdag.py
[2025-02-03T19:45:52.736+0000] {processor.py:925} INFO - DAG(s) 'first_dag' retrieved from /opt/airflow/dags/firstdag.py
[2025-02-03T19:45:52.794+0000] {logging_mixin.py:190} INFO - [2025-02-03T19:45:52.794+0000] {dag.py:3239} INFO - Sync 1 DAGs
[2025-02-03T19:45:52.866+0000] {logging_mixin.py:190} INFO - [2025-02-03T19:45:52.866+0000] {dag.py:4180} INFO - Setting next_dagrun for first_dag to 2025-02-03 18:00:00+00:00, run_after=2025-02-03 19:00:00+00:00
[2025-02-03T19:45:52.978+0000] {processor.py:208} INFO - Processing /opt/airflow/dags/firstdag.py took 0.325 seconds
[2025-02-03T19:46:24.578+0000] {processor.py:186} INFO - Started process (PID=4953) to work on /opt/airflow/dags/firstdag.py
[2025-02-03T19:46:24.592+0000] {processor.py:914} INFO - Processing file /opt/airflow/dags/firstdag.py for tasks to queue
[2025-02-03T19:46:24.597+0000] {logging_mixin.py:190} INFO - [2025-02-03T19:46:24.596+0000] {dagbag.py:588} INFO - Filling up the DagBag from /opt/airflow/dags/firstdag.py
[2025-02-03T19:46:24.705+0000] {processor.py:925} INFO - DAG(s) 'first_dag' retrieved from /opt/airflow/dags/firstdag.py
[2025-02-03T19:46:24.802+0000] {logging_mixin.py:190} INFO - [2025-02-03T19:46:24.802+0000] {dag.py:3239} INFO - Sync 1 DAGs
[2025-02-03T19:46:24.920+0000] {logging_mixin.py:190} INFO - [2025-02-03T19:46:24.919+0000] {dag.py:4180} INFO - Setting next_dagrun for first_dag to 2025-02-03 18:00:00+00:00, run_after=2025-02-03 19:00:00+00:00
[2025-02-03T19:46:24.969+0000] {processor.py:208} INFO - Processing /opt/airflow/dags/firstdag.py took 0.418 seconds
[2025-02-03T19:46:58.199+0000] {processor.py:186} INFO - Started process (PID=5007) to work on /opt/airflow/dags/firstdag.py
[2025-02-03T19:46:58.202+0000] {processor.py:914} INFO - Processing file /opt/airflow/dags/firstdag.py for tasks to queue
[2025-02-03T19:46:58.219+0000] {logging_mixin.py:190} INFO - [2025-02-03T19:46:58.213+0000] {dagbag.py:588} INFO - Filling up the DagBag from /opt/airflow/dags/firstdag.py
[2025-02-03T19:46:58.304+0000] {processor.py:925} INFO - DAG(s) 'first_dag' retrieved from /opt/airflow/dags/firstdag.py
[2025-02-03T19:46:58.398+0000] {logging_mixin.py:190} INFO - [2025-02-03T19:46:58.397+0000] {dag.py:3239} INFO - Sync 1 DAGs
[2025-02-03T19:46:58.536+0000] {logging_mixin.py:190} INFO - [2025-02-03T19:46:58.536+0000] {dag.py:4180} INFO - Setting next_dagrun for first_dag to 2025-02-03 18:00:00+00:00, run_after=2025-02-03 19:00:00+00:00
[2025-02-03T19:46:58.608+0000] {processor.py:208} INFO - Processing /opt/airflow/dags/firstdag.py took 0.434 seconds
[2025-02-03T19:47:29.685+0000] {processor.py:186} INFO - Started process (PID=5055) to work on /opt/airflow/dags/firstdag.py
[2025-02-03T19:47:29.688+0000] {processor.py:914} INFO - Processing file /opt/airflow/dags/firstdag.py for tasks to queue
[2025-02-03T19:47:29.693+0000] {logging_mixin.py:190} INFO - [2025-02-03T19:47:29.691+0000] {dagbag.py:588} INFO - Filling up the DagBag from /opt/airflow/dags/firstdag.py
[2025-02-03T19:47:29.756+0000] {processor.py:925} INFO - DAG(s) 'first_dag' retrieved from /opt/airflow/dags/firstdag.py
[2025-02-03T19:47:29.857+0000] {logging_mixin.py:190} INFO - [2025-02-03T19:47:29.856+0000] {dag.py:3239} INFO - Sync 1 DAGs
[2025-02-03T19:47:29.979+0000] {logging_mixin.py:190} INFO - [2025-02-03T19:47:29.979+0000] {dag.py:4180} INFO - Setting next_dagrun for first_dag to 2025-02-03 18:00:00+00:00, run_after=2025-02-03 19:00:00+00:00
[2025-02-03T19:47:30.094+0000] {processor.py:208} INFO - Processing /opt/airflow/dags/firstdag.py took 0.458 seconds
[2025-02-03T19:48:04.253+0000] {processor.py:186} INFO - Started process (PID=5115) to work on /opt/airflow/dags/firstdag.py
[2025-02-03T19:48:04.288+0000] {processor.py:914} INFO - Processing file /opt/airflow/dags/firstdag.py for tasks to queue
[2025-02-03T19:48:04.354+0000] {logging_mixin.py:190} INFO - [2025-02-03T19:48:04.353+0000] {dagbag.py:588} INFO - Filling up the DagBag from /opt/airflow/dags/firstdag.py
[2025-02-03T19:48:04.854+0000] {processor.py:925} INFO - DAG(s) 'first_dag' retrieved from /opt/airflow/dags/firstdag.py
[2025-02-03T19:48:04.975+0000] {logging_mixin.py:190} INFO - [2025-02-03T19:48:04.975+0000] {dag.py:3239} INFO - Sync 1 DAGs
[2025-02-03T19:48:05.178+0000] {logging_mixin.py:190} INFO - [2025-02-03T19:48:05.177+0000] {dag.py:4180} INFO - Setting next_dagrun for first_dag to 2025-02-03 18:00:00+00:00, run_after=2025-02-03 19:00:00+00:00
[2025-02-03T19:48:05.364+0000] {processor.py:208} INFO - Processing /opt/airflow/dags/firstdag.py took 1.288 seconds
[2025-02-03T19:48:54.050+0000] {processor.py:186} INFO - Started process (PID=5171) to work on /opt/airflow/dags/firstdag.py
[2025-02-03T19:48:54.071+0000] {processor.py:914} INFO - Processing file /opt/airflow/dags/firstdag.py for tasks to queue
[2025-02-03T19:48:54.091+0000] {logging_mixin.py:190} INFO - [2025-02-03T19:48:54.090+0000] {dagbag.py:588} INFO - Filling up the DagBag from /opt/airflow/dags/firstdag.py
[2025-02-03T19:48:55.121+0000] {processor.py:925} INFO - DAG(s) 'first_dag' retrieved from /opt/airflow/dags/firstdag.py
[2025-02-03T19:48:56.379+0000] {logging_mixin.py:190} INFO - [2025-02-03T19:48:56.379+0000] {dag.py:3239} INFO - Sync 1 DAGs
[2025-02-03T19:48:56.586+0000] {logging_mixin.py:190} INFO - [2025-02-03T19:48:56.585+0000] {dag.py:4180} INFO - Setting next_dagrun for first_dag to 2025-02-03 19:40:00+00:00, run_after=2025-02-03 19:45:00+00:00
[2025-02-03T19:48:56.918+0000] {processor.py:208} INFO - Processing /opt/airflow/dags/firstdag.py took 2.931 seconds
[2025-02-03T19:49:39.681+0000] {processor.py:186} INFO - Started process (PID=5206) to work on /opt/airflow/dags/firstdag.py
[2025-02-03T19:49:39.725+0000] {processor.py:914} INFO - Processing file /opt/airflow/dags/firstdag.py for tasks to queue
[2025-02-03T19:49:39.741+0000] {logging_mixin.py:190} INFO - [2025-02-03T19:49:39.739+0000] {dagbag.py:588} INFO - Filling up the DagBag from /opt/airflow/dags/firstdag.py
[2025-02-03T19:49:41.303+0000] {processor.py:925} INFO - DAG(s) 'first_dag' retrieved from /opt/airflow/dags/firstdag.py
[2025-02-03T19:49:41.452+0000] {logging_mixin.py:190} INFO - [2025-02-03T19:49:41.451+0000] {dag.py:3239} INFO - Sync 1 DAGs
[2025-02-03T19:49:41.784+0000] {logging_mixin.py:190} INFO - [2025-02-03T19:49:41.783+0000] {dag.py:4180} INFO - Setting next_dagrun for first_dag to 2025-02-03 19:40:00+00:00, run_after=2025-02-03 19:45:00+00:00
[2025-02-03T19:49:42.055+0000] {processor.py:208} INFO - Processing /opt/airflow/dags/firstdag.py took 2.439 seconds
[2025-02-03T19:50:23.045+0000] {processor.py:186} INFO - Started process (PID=5249) to work on /opt/airflow/dags/firstdag.py
[2025-02-03T19:50:23.054+0000] {processor.py:914} INFO - Processing file /opt/airflow/dags/firstdag.py for tasks to queue
[2025-02-03T19:50:23.064+0000] {logging_mixin.py:190} INFO - [2025-02-03T19:50:23.062+0000] {dagbag.py:588} INFO - Filling up the DagBag from /opt/airflow/dags/firstdag.py
[2025-02-03T19:50:23.254+0000] {processor.py:925} INFO - DAG(s) 'first_dag' retrieved from /opt/airflow/dags/firstdag.py
[2025-02-03T19:50:23.359+0000] {logging_mixin.py:190} INFO - [2025-02-03T19:50:23.358+0000] {dag.py:3239} INFO - Sync 1 DAGs
[2025-02-03T19:50:23.583+0000] {logging_mixin.py:190} INFO - [2025-02-03T19:50:23.582+0000] {dag.py:4180} INFO - Setting next_dagrun for first_dag to 2025-02-03 19:45:00+00:00, run_after=2025-02-03 19:50:00+00:00
[2025-02-03T19:50:23.801+0000] {processor.py:208} INFO - Processing /opt/airflow/dags/firstdag.py took 0.820 seconds
[2025-02-03T19:51:20.656+0000] {processor.py:186} INFO - Started process (PID=5290) to work on /opt/airflow/dags/firstdag.py
[2025-02-03T19:51:20.724+0000] {processor.py:914} INFO - Processing file /opt/airflow/dags/firstdag.py for tasks to queue
[2025-02-03T19:51:20.822+0000] {logging_mixin.py:190} INFO - [2025-02-03T19:51:20.816+0000] {dagbag.py:588} INFO - Filling up the DagBag from /opt/airflow/dags/firstdag.py
[2025-02-03T19:51:22.051+0000] {processor.py:925} INFO - DAG(s) 'first_dag' retrieved from /opt/airflow/dags/firstdag.py
[2025-02-03T19:51:22.276+0000] {logging_mixin.py:190} INFO - [2025-02-03T19:51:22.275+0000] {dag.py:3239} INFO - Sync 1 DAGs
[2025-02-03T19:51:22.725+0000] {logging_mixin.py:190} INFO - [2025-02-03T19:51:22.725+0000] {dag.py:4180} INFO - Setting next_dagrun for first_dag to 2025-02-03 19:45:00+00:00, run_after=2025-02-03 19:50:00+00:00
[2025-02-03T19:51:23.108+0000] {processor.py:208} INFO - Processing /opt/airflow/dags/firstdag.py took 2.691 seconds
[2025-02-03T19:52:15.389+0000] {processor.py:186} INFO - Started process (PID=5345) to work on /opt/airflow/dags/firstdag.py
[2025-02-03T19:52:15.415+0000] {processor.py:914} INFO - Processing file /opt/airflow/dags/firstdag.py for tasks to queue
[2025-02-03T19:52:15.424+0000] {logging_mixin.py:190} INFO - [2025-02-03T19:52:15.423+0000] {dagbag.py:588} INFO - Filling up the DagBag from /opt/airflow/dags/firstdag.py
[2025-02-03T19:52:16.507+0000] {processor.py:925} INFO - DAG(s) 'first_dag' retrieved from /opt/airflow/dags/firstdag.py
[2025-02-03T19:52:16.670+0000] {logging_mixin.py:190} INFO - [2025-02-03T19:52:16.669+0000] {dag.py:3239} INFO - Sync 1 DAGs
[2025-02-03T19:52:16.992+0000] {logging_mixin.py:190} INFO - [2025-02-03T19:52:16.991+0000] {dag.py:4180} INFO - Setting next_dagrun for first_dag to 2025-02-03 19:45:00+00:00, run_after=2025-02-03 19:50:00+00:00
[2025-02-03T19:52:17.173+0000] {processor.py:208} INFO - Processing /opt/airflow/dags/firstdag.py took 1.819 seconds
[2025-02-03T19:53:07.319+0000] {processor.py:186} INFO - Started process (PID=5383) to work on /opt/airflow/dags/firstdag.py
[2025-02-03T19:53:07.333+0000] {processor.py:914} INFO - Processing file /opt/airflow/dags/firstdag.py for tasks to queue
[2025-02-03T19:53:07.379+0000] {logging_mixin.py:190} INFO - [2025-02-03T19:53:07.374+0000] {dagbag.py:588} INFO - Filling up the DagBag from /opt/airflow/dags/firstdag.py
[2025-02-03T19:53:08.934+0000] {processor.py:925} INFO - DAG(s) 'first_dag' retrieved from /opt/airflow/dags/firstdag.py
[2025-02-03T19:53:09.043+0000] {logging_mixin.py:190} INFO - [2025-02-03T19:53:09.042+0000] {dag.py:3239} INFO - Sync 1 DAGs
[2025-02-03T19:53:09.276+0000] {logging_mixin.py:190} INFO - [2025-02-03T19:53:09.264+0000] {dag.py:4180} INFO - Setting next_dagrun for first_dag to 2025-02-03 19:45:00+00:00, run_after=2025-02-03 19:50:00+00:00
[2025-02-03T19:53:09.478+0000] {processor.py:208} INFO - Processing /opt/airflow/dags/firstdag.py took 2.210 seconds
[2025-02-03T19:54:05.040+0000] {processor.py:186} INFO - Started process (PID=5436) to work on /opt/airflow/dags/firstdag.py
[2025-02-03T19:54:05.089+0000] {processor.py:914} INFO - Processing file /opt/airflow/dags/firstdag.py for tasks to queue
[2025-02-03T19:54:05.155+0000] {logging_mixin.py:190} INFO - [2025-02-03T19:54:05.154+0000] {dagbag.py:588} INFO - Filling up the DagBag from /opt/airflow/dags/firstdag.py
[2025-02-03T19:54:09.565+0000] {processor.py:925} INFO - DAG(s) 'first_dag' retrieved from /opt/airflow/dags/firstdag.py
[2025-02-03T19:54:09.818+0000] {logging_mixin.py:190} INFO - [2025-02-03T19:54:09.817+0000] {dag.py:3239} INFO - Sync 1 DAGs
[2025-02-03T19:54:10.125+0000] {logging_mixin.py:190} INFO - [2025-02-03T19:54:10.124+0000] {dag.py:4180} INFO - Setting next_dagrun for first_dag to 2025-02-03 19:45:00+00:00, run_after=2025-02-03 19:50:00+00:00
[2025-02-03T19:54:10.572+0000] {processor.py:208} INFO - Processing /opt/airflow/dags/firstdag.py took 5.569 seconds
[2025-02-03T19:55:06.575+0000] {processor.py:186} INFO - Started process (PID=5479) to work on /opt/airflow/dags/firstdag.py
[2025-02-03T19:55:06.650+0000] {processor.py:914} INFO - Processing file /opt/airflow/dags/firstdag.py for tasks to queue
[2025-02-03T19:55:06.691+0000] {logging_mixin.py:190} INFO - [2025-02-03T19:55:06.690+0000] {dagbag.py:588} INFO - Filling up the DagBag from /opt/airflow/dags/firstdag.py
[2025-02-03T19:55:08.971+0000] {processor.py:925} INFO - DAG(s) 'first_dag' retrieved from /opt/airflow/dags/firstdag.py
[2025-02-03T19:55:09.186+0000] {logging_mixin.py:190} INFO - [2025-02-03T19:55:09.185+0000] {dag.py:3239} INFO - Sync 1 DAGs
[2025-02-03T19:55:09.467+0000] {logging_mixin.py:190} INFO - [2025-02-03T19:55:09.467+0000] {dag.py:4180} INFO - Setting next_dagrun for first_dag to 2025-02-03 19:50:00+00:00, run_after=2025-02-03 19:55:00+00:00
[2025-02-03T19:55:09.798+0000] {processor.py:208} INFO - Processing /opt/airflow/dags/firstdag.py took 3.261 seconds
[2025-02-03T19:56:10.503+0000] {processor.py:186} INFO - Started process (PID=5531) to work on /opt/airflow/dags/firstdag.py
[2025-02-03T19:56:10.789+0000] {processor.py:914} INFO - Processing file /opt/airflow/dags/firstdag.py for tasks to queue
[2025-02-03T19:56:10.964+0000] {logging_mixin.py:190} INFO - [2025-02-03T19:56:10.962+0000] {dagbag.py:588} INFO - Filling up the DagBag from /opt/airflow/dags/firstdag.py
[2025-02-03T19:56:13.299+0000] {processor.py:925} INFO - DAG(s) 'first_dag' retrieved from /opt/airflow/dags/firstdag.py
[2025-02-03T19:56:13.562+0000] {logging_mixin.py:190} INFO - [2025-02-03T19:56:13.562+0000] {dag.py:3239} INFO - Sync 1 DAGs
[2025-02-03T19:56:13.902+0000] {logging_mixin.py:190} INFO - [2025-02-03T19:56:13.901+0000] {dag.py:4180} INFO - Setting next_dagrun for first_dag to 2025-02-03 19:50:00+00:00, run_after=2025-02-03 19:55:00+00:00
[2025-02-03T19:56:14.161+0000] {processor.py:208} INFO - Processing /opt/airflow/dags/firstdag.py took 3.679 seconds
[2025-02-03T19:56:59.402+0000] {processor.py:186} INFO - Started process (PID=5569) to work on /opt/airflow/dags/firstdag.py
[2025-02-03T19:56:59.474+0000] {processor.py:914} INFO - Processing file /opt/airflow/dags/firstdag.py for tasks to queue
[2025-02-03T19:56:59.498+0000] {logging_mixin.py:190} INFO - [2025-02-03T19:56:59.497+0000] {dagbag.py:588} INFO - Filling up the DagBag from /opt/airflow/dags/firstdag.py
[2025-02-03T19:57:00.498+0000] {processor.py:925} INFO - DAG(s) 'first_dag' retrieved from /opt/airflow/dags/firstdag.py
[2025-02-03T19:57:00.915+0000] {logging_mixin.py:190} INFO - [2025-02-03T19:57:00.914+0000] {dag.py:3239} INFO - Sync 1 DAGs
[2025-02-03T19:57:01.449+0000] {logging_mixin.py:190} INFO - [2025-02-03T19:57:01.449+0000] {dag.py:4180} INFO - Setting next_dagrun for first_dag to 2025-02-03 19:50:00+00:00, run_after=2025-02-03 19:55:00+00:00
[2025-02-03T19:57:01.990+0000] {processor.py:208} INFO - Processing /opt/airflow/dags/firstdag.py took 2.722 seconds
[2025-02-03T19:57:49.941+0000] {processor.py:186} INFO - Started process (PID=5614) to work on /opt/airflow/dags/firstdag.py
[2025-02-03T19:57:49.944+0000] {processor.py:914} INFO - Processing file /opt/airflow/dags/firstdag.py for tasks to queue
[2025-02-03T19:57:49.957+0000] {logging_mixin.py:190} INFO - [2025-02-03T19:57:49.956+0000] {dagbag.py:588} INFO - Filling up the DagBag from /opt/airflow/dags/firstdag.py
[2025-02-03T19:57:50.329+0000] {processor.py:925} INFO - DAG(s) 'first_dag' retrieved from /opt/airflow/dags/firstdag.py
[2025-02-03T19:57:50.505+0000] {logging_mixin.py:190} INFO - [2025-02-03T19:57:50.504+0000] {dag.py:3239} INFO - Sync 1 DAGs
[2025-02-03T19:57:50.789+0000] {logging_mixin.py:190} INFO - [2025-02-03T19:57:50.788+0000] {dag.py:4180} INFO - Setting next_dagrun for first_dag to 2025-02-03 19:50:00+00:00, run_after=2025-02-03 19:55:00+00:00
[2025-02-03T19:57:51.068+0000] {processor.py:208} INFO - Processing /opt/airflow/dags/firstdag.py took 1.178 seconds
[2025-02-03T19:58:44.805+0000] {processor.py:186} INFO - Started process (PID=5659) to work on /opt/airflow/dags/firstdag.py
[2025-02-03T19:58:44.814+0000] {processor.py:914} INFO - Processing file /opt/airflow/dags/firstdag.py for tasks to queue
[2025-02-03T19:58:44.833+0000] {logging_mixin.py:190} INFO - [2025-02-03T19:58:44.832+0000] {dagbag.py:588} INFO - Filling up the DagBag from /opt/airflow/dags/firstdag.py
[2025-02-03T19:58:45.356+0000] {processor.py:925} INFO - DAG(s) 'first_dag' retrieved from /opt/airflow/dags/firstdag.py
[2025-02-03T19:58:45.506+0000] {logging_mixin.py:190} INFO - [2025-02-03T19:58:45.506+0000] {dag.py:3239} INFO - Sync 1 DAGs
[2025-02-03T19:58:45.793+0000] {logging_mixin.py:190} INFO - [2025-02-03T19:58:45.792+0000] {dag.py:4180} INFO - Setting next_dagrun for first_dag to 2025-02-03 19:50:00+00:00, run_after=2025-02-03 19:55:00+00:00
[2025-02-03T19:58:46.062+0000] {processor.py:208} INFO - Processing /opt/airflow/dags/firstdag.py took 1.294 seconds
[2025-02-03T19:59:34.604+0000] {processor.py:186} INFO - Started process (PID=5711) to work on /opt/airflow/dags/firstdag.py
[2025-02-03T19:59:34.655+0000] {processor.py:914} INFO - Processing file /opt/airflow/dags/firstdag.py for tasks to queue
[2025-02-03T19:59:34.737+0000] {logging_mixin.py:190} INFO - [2025-02-03T19:59:34.736+0000] {dagbag.py:588} INFO - Filling up the DagBag from /opt/airflow/dags/firstdag.py
[2025-02-03T19:59:36.591+0000] {processor.py:925} INFO - DAG(s) 'first_dag' retrieved from /opt/airflow/dags/firstdag.py
[2025-02-03T19:59:36.901+0000] {logging_mixin.py:190} INFO - [2025-02-03T19:59:36.900+0000] {dag.py:3239} INFO - Sync 1 DAGs
[2025-02-03T19:59:37.255+0000] {logging_mixin.py:190} INFO - [2025-02-03T19:59:37.243+0000] {dag.py:4180} INFO - Setting next_dagrun for first_dag to 2025-02-03 19:50:00+00:00, run_after=2025-02-03 19:55:00+00:00
[2025-02-03T19:59:37.526+0000] {processor.py:208} INFO - Processing /opt/airflow/dags/firstdag.py took 3.034 seconds
